<?xml version="1.0" encoding="UTF-8"?>
<!-- Generated by org.testng.reporters.JUnitXMLReporter -->
<testsuite ignored="0" hostname="SosoOthman" failures="0" tests="4" name="Default test" time="26.194" errors="0" timestamp="2025-03-14T06:43:02 PDT">
  <testcase classname="TestCases" name="SignUp" time="10.894"/>
  <testcase classname="TestCases" name="LogOut" time="1.592"/>
  <testcase classname="TestCases" name="LogIn" time="3.388"/>
  <testcase classname="TestCases" name="AddItemToTheCart" time="8.388"/>
</testsuite> <!-- Default test -->
