<?xml version="1.0" encoding="UTF-8"?>
<testng-results ignored="0" total="4" passed="4" failed="0" skipped="0">
  <reporter-output>
  </reporter-output>
  <suite started-at="2025-03-14T06:42:36 PDT" name="Default suite" finished-at="2025-03-14T06:43:02 PDT" duration-ms="26194">
    <groups>
    </groups>
    <test started-at="2025-03-14T06:42:36 PDT" name="Default test" finished-at="2025-03-14T06:43:02 PDT" duration-ms="26194">
      <class name="TestCases">
        <test-method is-config="true" signature="SetUp()[pri:0, instance:TestCases@ff684e1]" started-at="2025-03-14T06:42:36 PDT" name="SetUp" finished-at="2025-03-14T06:42:38 PDT" duration-ms="1884" status="PASS">
          <reporter-output>
          </reporter-output>
        </test-method> <!-- SetUp -->
        <test-method signature="SignUp()[pri:1, instance:TestCases@ff684e1]" started-at="2025-03-14T06:42:38 PDT" name="SignUp" finished-at="2025-03-14T06:42:49 PDT" duration-ms="10894" status="PASS">
          <reporter-output>
          </reporter-output>
        </test-method> <!-- SignUp -->
        <test-method signature="LogOut()[pri:2, instance:TestCases@ff684e1]" started-at="2025-03-14T06:42:49 PDT" name="LogOut" finished-at="2025-03-14T06:42:51 PDT" duration-ms="1592" status="PASS">
          <reporter-output>
          </reporter-output>
        </test-method> <!-- LogOut -->
        <test-method signature="LogIn()[pri:3, instance:TestCases@ff684e1]" started-at="2025-03-14T06:42:51 PDT" name="LogIn" finished-at="2025-03-14T06:42:54 PDT" duration-ms="3388" status="PASS">
          <reporter-output>
          </reporter-output>
        </test-method> <!-- LogIn -->
        <test-method signature="AddItemToTheCart()[pri:4, instance:TestCases@ff684e1]" started-at="2025-03-14T06:42:54 PDT" name="AddItemToTheCart" finished-at="2025-03-14T06:43:02 PDT" duration-ms="8388" status="PASS">
          <reporter-output>
          </reporter-output>
        </test-method> <!-- AddItemToTheCart -->
      </class> <!-- TestCases -->
    </test> <!-- Default test -->
  </suite> <!-- Default suite -->
</testng-results>
